<?xml version="1.0" encoding="UTF-8"?>
<testng-results skipped="0" failed="0" ignored="0" total="1" passed="1">
  <reporter-output>
    <line>
      <![CDATA[2018-08-14 18:05:24 : 1.打开测试地址：http://119.81.201.156:6026/SiteSort/index.aspx]]>
    </line>
    <line>
      <![CDATA[2018-08-14 18:05:49 : 2.输入账号：TB1234,密码：dd1234]]>
    </line>
    <line>
      <![CDATA[2018-08-14 18:05:50 : 3.点击登入]]>
    </line>
    <line>
      <![CDATA[2018-08-14 18:06:15 : TB1234登录成功]]>
    </line>
    <line>
      <![CDATA[2018-08-14 18:06:16 : 点击提款专区]]>
    </line>
    <line>
      <![CDATA[2018-08-14 18:06:20 : 会员中心--提款专区]]>
    </line>
    <line>
      <![CDATA[2018-08-14 18:06:21 : -------------进入【Astropay点卡】提款---------]]>
    </line>
    <line>
      <![CDATA[2018-08-14 18:06:21 : 输入提款金额：【1】]]>
    </line>
    <line>
      <![CDATA[2018-08-14 18:06:22 : 点击确认送出]]>
    </line>
  </reporter-output>
  <suite name="Default suite" duration-ms="99930" started-at="2018-08-14T10:04:47Z" finished-at="2018-08-14T10:06:27Z">
    <groups>
    </groups>
    <test name="Default test" duration-ms="99930" started-at="2018-08-14T10:04:47Z" finished-at="2018-08-14T10:06:27Z">
      <class name="com.test.testcases.Withdraw">
        <test-method status="PASS" signature="initialDriver()[pri:0, instance:com.test.testcases.Withdraw@3bf7ca37]" name="initialDriver" is-config="true" duration-ms="6843" started-at="2018-08-14T18:04:47Z" finished-at="2018-08-14T18:04:54Z">
          <reporter-output>
          </reporter-output>
        </test-method> <!-- initialDriver -->
        <test-method status="PASS" signature="testsubmitUnionCard(java.util.Map)[pri:0, instance:com.test.testcases.Withdraw@3bf7ca37]" name="testsubmitUnionCard" duration-ms="87997" started-at="2018-08-14T18:04:54Z" data-provider="providerMethod" finished-at="2018-08-14T18:06:22Z">
          <params>
            <param index="0">
              <value>
                <![CDATA[{username_pre=F663, username_test=TB1234, password=dd1234, url_pre=http://161.202.204.53:6026/SiteSort/index.aspx, money=10, url_formal=https://ts.kaz11.net/SiteSort/index.aspx, jymm=dd4321, url=http://119.81.201.156:6026/SiteSort/index.aspx, url_test=http://119.81.201.156:6026/SiteSort/index.aspx}]]>
              </value>
            </param>
          </params>
          <reporter-output>
            <line>
              <![CDATA[2018-08-14 18:05:24 : 1.打开测试地址：http://119.81.201.156:6026/SiteSort/index.aspx]]>
            </line>
            <line>
              <![CDATA[2018-08-14 18:05:49 : 2.输入账号：TB1234,密码：dd1234]]>
            </line>
            <line>
              <![CDATA[2018-08-14 18:05:50 : 3.点击登入]]>
            </line>
            <line>
              <![CDATA[2018-08-14 18:06:15 : TB1234登录成功]]>
            </line>
            <line>
              <![CDATA[2018-08-14 18:06:16 : 点击提款专区]]>
            </line>
            <line>
              <![CDATA[2018-08-14 18:06:20 : 会员中心--提款专区]]>
            </line>
            <line>
              <![CDATA[2018-08-14 18:06:21 : -------------进入【Astropay点卡】提款---------]]>
            </line>
            <line>
              <![CDATA[2018-08-14 18:06:21 : 输入提款金额：【1】]]>
            </line>
            <line>
              <![CDATA[2018-08-14 18:06:22 : 点击确认送出]]>
            </line>
          </reporter-output>
        </test-method> <!-- testsubmitUnionCard -->
        <test-method status="PASS" signature="closeDriver()[pri:0, instance:com.test.testcases.Withdraw@3bf7ca37]" name="closeDriver" is-config="true" duration-ms="5002" started-at="2018-08-14T18:06:22Z" finished-at="2018-08-14T18:06:27Z">
          <reporter-output>
          </reporter-output>
        </test-method> <!-- closeDriver -->
      </class> <!-- com.test.testcases.Withdraw -->
    </test> <!-- Default test -->
  </suite> <!-- Default suite -->
</testng-results>
